#
# There is insufficient memory for the Java Runtime Environment to continue.
# Native memory allocation (mmap) failed to map 260046848 bytes for committing reserved memory.
# Possible reasons:
#   The system is out of physical RAM or swap space
#   The process is running with CompressedOops enabled, and the Java Heap may be blocking the growth of the native heap
# Possible solutions:
#   Reduce memory load on the system
#   Increase physical memory or swap space
#   Check if swap backing store is full
#   Decrease Java heap size (-Xmx/-Xms)
#   Decrease number of Java threads
#   Decrease Java thread stack sizes (-Xss)
#   Set larger code cache with -XX:ReservedCodeCacheSize=
#   JVM is running with Unscaled Compressed Oops mode in which the Java heap is
#     placed in the first 4GB address space. The Java Heap base address is the
#     maximum limit for the native heap growth. Please use -XX:HeapBaseMinAddress
#     to set the Java Heap base and to place the Java Heap above 4GB virtual address.
# This output file may be truncated or incomplete.
#
#  Out of Memory Error (os_linux.cpp:2647), pid=13505, tid=13532
#
# JRE version: Java(TM) SE Runtime Environment (9.0+11) (build 9.0.1+11)
# Java VM: Java HotSpot(TM) 64-Bit Server VM (9.0.1+11, mixed mode, tiered, compressed oops, g1 gc, linux-amd64)
# Core dump will be written. Default location: Core dumps may be processed with "/usr/share/apport/apport %p %s %c %P" (or dumping to /home/ravi/IdeaProjects/EC504_Project/core.13505)
#

---------------  S U M M A R Y ------------

Command Line: -agentlib:jdwp=transport=dt_socket,address=127.0.0.1:45228,suspend=y,server=n -Dfile.encoding=UTF-8 VideoEncoderMain

Host: Intel(R) Core(TM) i5-6200U CPU @ 2.30GHz, 4 cores, 7G, Ubuntu 16.04.1 LTS
Time: Fri Oct 27 16:58:52 2017 EDT elapsed time: 6 seconds (0d 0h 0m 6s)

---------------  T H R E A D  ---------------

Current thread (0x00007fdbf4131800):  VMThread "VM Thread" [stack: 0x00007fdbad01c000,0x00007fdbad11c000] [id=13532]

Stack: [0x00007fdbad01c000,0x00007fdbad11c000],  sp=0x00007fdbad11a070,  free space=1016k
Native frames: (J=compiled Java code, A=aot compiled Java code, j=interpreted, Vv=VM code, C=native code)
V  [libjvm.so+0xd4c1e2]  VMError::report_and_die(int, char const*, char const*, __va_list_tag*, Thread*, unsigned char*, void*, void*, char const*, int, unsigned long)+0x162
V  [libjvm.so+0xd4ce4b]  VMError::report_and_die(Thread*, char const*, int, unsigned long, VMErrorType, char const*, __va_list_tag*)+0x2b
V  [libjvm.so+0x6548f8]  report_vm_out_of_memory(char const*, int, unsigned long, VMErrorType, char const*, ...)+0xd8
V  [libjvm.so+0xb67f21]  os::pd_commit_memory_or_exit(char*, unsigned long, unsigned long, bool, char const*)+0x101
V  [libjvm.so+0xb625ad]  os::commit_memory_or_exit(char*, unsigned long, unsigned long, bool, char const*)+0x1d
V  [libjvm.so+0x7632a2]  G1PageBasedVirtualSpace::commit_preferred_pages(unsigned long, unsigned long)+0x62
V  [libjvm.so+0x7635be]  G1PageBasedVirtualSpace::commit(unsigned long, unsigned long)+0x11e
V  [libjvm.so+0x766523]  G1RegionsLargerThanCommitSizeMapper::commit_regions(unsigned int, unsigned long, WorkGang*)+0x43
V  [libjvm.so+0x7f741c]  HeapRegionManager::commit_regions(unsigned int, unsigned long, WorkGang*)+0x7c
V  [libjvm.so+0x7f7fe4]  HeapRegionManager::make_regions_available(unsigned int, unsigned int, WorkGang*)+0x34
V  [libjvm.so+0x7f8501]  HeapRegionManager::expand_by(unsigned int, WorkGang*)+0x71
V  [libjvm.so+0x729897]  G1CollectedHeap::expand(unsigned long, WorkGang*, double*)+0xd7
V  [libjvm.so+0x7307da]  G1CollectedHeap::do_collection_pause_at_safepoint(double)+0x104a
V  [libjvm.so+0xd5dfe2]  VM_G1IncCollectionPause::doit()+0x82
V  [libjvm.so+0xd5d019]  VM_Operation::evaluate()+0x59
V  [libjvm.so+0xd5ad63]  VMThread::evaluate_operation(VM_Operation*)+0xc3
V  [libjvm.so+0xd5b2d0]  VMThread::loop()+0x210
V  [libjvm.so+0xd5b7e2]  VMThread::run()+0x72
V  [libjvm.so+0xb6de12]  thread_native_entry(Thread*)+0xf2

VM_Operation (0x00007fdb656c3780): G1IncCollectionPause, mode: safepoint, requested by thread 0x00007fdbf43f3800


---------------  P R O C E S S  ---------------

Java Threads: ( => current thread )
  0x00007fdbf43f3800 JavaThread "Image Fetcher 1" daemon [_thread_blocked, id=13571, stack(0x00007fdb655c5000,0x00007fdb656c6000)]
  0x00007fdbf43f1800 JavaThread "Image Fetcher 0" daemon [_thread_blocked, id=13570, stack(0x00007fdb658fd000,0x00007fdb659fe000)]
  0x00007fdbf4387800 JavaThread "AWT-XAWT" daemon [_thread_blocked, id=13568, stack(0x00007fdb7c011000,0x00007fdb7c112000)]
  0x00007fdbf4375800 JavaThread "Java2D Disposer" daemon [_thread_blocked, id=13565, stack(0x00007fdb7c112000,0x00007fdb7c213000)]
  0x00007fdbf4217000 JavaThread "Service Thread" daemon [_thread_blocked, id=13557, stack(0x00007fdb7faf9000,0x00007fdb7fbfa000)]
  0x00007fdb78001000 JavaThread "JDWP Command Reader" daemon [_thread_in_native, id=13556, stack(0x00007fdb7fbfa000,0x00007fdb7fcfb000)]
  0x00007fdbf4215000 JavaThread "JDWP Event Helper Thread" daemon [_thread_blocked, id=13554, stack(0x00007fdb7fcfb000,0x00007fdb7fdfc000)]
  0x00007fdbf4211800 JavaThread "JDWP Transport Listener: dt_socket" daemon [_thread_blocked, id=13552, stack(0x00007fdbac012000,0x00007fdbac113000)]
  0x00007fdbf4172800 JavaThread "Common-Cleaner" daemon [_thread_blocked, id=13549, stack(0x00007fdbac113000,0x00007fdbac214000)]
  0x00007fdbf4166000 JavaThread "Sweeper thread" daemon [_thread_blocked, id=13547, stack(0x00007fdbac63c000,0x00007fdbac73d000)]
  0x00007fdbf4164000 JavaThread "C1 CompilerThread2" daemon [_thread_blocked, id=13546, stack(0x00007fdbac73d000,0x00007fdbac83e000)]
  0x00007fdbf4162000 JavaThread "C2 CompilerThread1" daemon [_thread_blocked, id=13540, stack(0x00007fdbac83e000,0x00007fdbac93f000)]
  0x00007fdbf4160000 JavaThread "C2 CompilerThread0" daemon [_thread_blocked, id=13539, stack(0x00007fdbac93f000,0x00007fdbaca40000)]
  0x00007fdbf415e800 JavaThread "Signal Dispatcher" daemon [_thread_blocked, id=13538, stack(0x00007fdbaca40000,0x00007fdbacb41000)]
  0x00007fdbf4143800 JavaThread "Finalizer" daemon [_thread_blocked, id=13536, stack(0x00007fdbace19000,0x00007fdbacf1a000)]
  0x00007fdbf413b000 JavaThread "Reference Handler" daemon [_thread_blocked, id=13534, stack(0x00007fdbacf1a000,0x00007fdbad01b000)]
  0x00007fdbf4013800 JavaThread "main" [_thread_blocked, id=13507, stack(0x00007fdbfb9e9000,0x00007fdbfbae9000)]

Other Threads:
=>0x00007fdbf4131800 VMThread "VM Thread" [stack: 0x00007fdbad01c000,0x00007fdbad11c000] [id=13532]
  0x00007fdbf421a000 WatcherThread [stack: 0x00007fdb7f9f9000,0x00007fdb7faf9000] [id=13558]
  0x00007fdbf402a800 GCTaskThread "GC Thread#0" [stack: 0x00007fdbd9952000,0x00007fdbd9a52000] [id=13511]
  0x00007fdbf402c000 GCTaskThread "GC Thread#1" [stack: 0x00007fdbd9851000,0x00007fdbd9951000] [id=13513]
  0x00007fdbf402e000 GCTaskThread "GC Thread#2" [stack: 0x00007fdbd9750000,0x00007fdbd9850000] [id=13515]
  0x00007fdbf402f800 GCTaskThread "GC Thread#3" [stack: 0x00007fdbd964f000,0x00007fdbd974f000] [id=13517]
  0x00007fdbf405e000 ConcurrentGCThread "G1 Main Marker" [stack: 0x00007fdbd80ba000,0x00007fdbd81ba000] [id=13530]
  0x00007fdbf4060000 ConcurrentGCThread "G1 Marker#0" [stack: 0x00007fdbafd97000,0x00007fdbafe97000] [id=13531]
  0x00007fdbf4037000 ConcurrentGCThread "G1 Refine#0" [stack: 0x00007fdbd8e47000,0x00007fdbd8f47000] [id=13525]
  0x00007fdbf4035000 ConcurrentGCThread "G1 Refine#1" [stack: 0x00007fdbd8f48000,0x00007fdbd9048000] [id=13523]
  0x00007fdbf4033800 ConcurrentGCThread "G1 Refine#2" [stack: 0x00007fdbd9049000,0x00007fdbd9149000] [id=13522]
  0x00007fdbf4031800 ConcurrentGCThread "G1 Refine#3" [stack: 0x00007fdbd914a000,0x00007fdbd924a000] [id=13520]
  0x00007fdbf4038800 ConcurrentGCThread "G1 Young RemSet Sampling" [stack: 0x00007fdbd8d46000,0x00007fdbd8e46000] [id=13526]

Threads with active compile tasks:

VM state:at safepoint (normal execution)

VM Mutex/Monitor currently owned by a thread:  ([mutex/lock_event])
[0x00007fdbf400f940] Threads_lock - owner thread: 0x00007fdbf4131800
[0x00007fdbf400fee0] Heap_lock - owner thread: 0x00007fdbf43f3800

Heap address: 0x0000000084e00000, size: 1970 MB, Compressed Oops mode: 32-bit
Narrow klass base: 0x0000000000000000, Narrow klass shift: 3
Compressed class space size: 1073741824 Address: 0x0000000100000000

Heap:
 garbage-first heap   total 380928K, used 65859K [0x0000000084e00000, 0x0000000084f00ba0, 0x0000000100000000)
  region size 1024K, 3 young (3072K), 3 survivors (3072K)
 Metaspace       used 11745K, capacity 12598K, committed 12672K, reserved 1060864K
  class space    used 1157K, capacity 1354K, committed 1408K, reserved 1048576K
Heap Regions: E=young(eden), S=young(survivor), O=old, HS=humongous(starts), HC=humongous(continues), CS=collection set, F=free, A=archive, TS=gc time stamp, AC=allocation context, TAMS=top-at-mark-start (previous, next)
|   0|0x0000000084e00000, 0x0000000084f00000, 0x0000000084f00000|100%|HS|  |TS  0|AC  0|TAMS 0x0000000084f00000, 0x0000000084f00000|
|   1|0x0000000084f00000, 0x0000000085000000, 0x0000000085000000|100%|HC|  |TS  0|AC  0|TAMS 0x0000000085000000, 0x0000000085000000|
|   2|0x0000000085000000, 0x0000000085100000, 0x0000000085100000|100%|HS|  |TS  0|AC  0|TAMS 0x0000000085100000, 0x0000000085100000|
|   3|0x0000000085100000, 0x0000000085200000, 0x0000000085200000|100%|HC|  |TS  0|AC  0|TAMS 0x0000000085200000, 0x0000000085200000|
|   4|0x0000000085200000, 0x0000000085300000, 0x0000000085300000|100%|HS|  |TS  0|AC  0|TAMS 0x0000000085300000, 0x0000000085300000|
|   5|0x0000000085300000, 0x0000000085400000, 0x0000000085400000|100%|HC|  |TS  0|AC  0|TAMS 0x0000000085400000, 0x0000000085400000|
|   6|0x0000000085400000, 0x0000000085500000, 0x0000000085500000|100%|HS|  |TS  0|AC  0|TAMS 0x0000000085500000, 0x0000000085500000|
|   7|0x0000000085500000, 0x0000000085600000, 0x0000000085600000|100%|HC|  |TS  0|AC  0|TAMS 0x0000000085600000, 0x0000000085600000|
|   8|0x0000000085600000, 0x000000008561e000, 0x0000000085700000| 11%| O|  |TS  1|AC  0|TAMS 0x000000008561e000, 0x000000008561e000|
|   9|0x0000000085700000, 0x0000000085800000, 0x0000000085800000|100%|HS|  |TS  0|AC  0|TAMS 0x0000000085800000, 0x0000000085800000|
|  10|0x0000000085800000, 0x0000000085900000, 0x0000000085900000|100%|HC|  |TS  0|AC  0|TAMS 0x0000000085900000, 0x0000000085900000|
|  11|0x0000000085900000, 0x0000000085a00000, 0x0000000085a00000|100%|HS|  |TS  0|AC  0|TAMS 0x0000000085a00000, 0x0000000085a00000|
|  12|0x0000000085a00000, 0x0000000085b00000, 0x0000000085b00000|100%|HC|  |TS  0|AC  0|TAMS 0x0000000085b00000, 0x0000000085b00000|
|  13|0x0000000085b00000, 0x0000000085c00000, 0x0000000085c00000|100%|HS|  |TS  0|AC  0|TAMS 0x0000000085c00000, 0x0000000085c00000|
|  14|0x0000000085c00000, 0x0000000085d00000, 0x0000000085d00000|100%|HC|  |TS  0|AC  0|TAMS 0x0000000085d00000, 0x0000000085d00000|
|  15|0x0000000085d00000, 0x0000000085e00000, 0x0000000085e00000|100%|HS|  |TS  0|AC  0|TAMS 0x0000000085e00000, 0x0000000085e00000|
|  16|0x0000000085e00000, 0x0000000085f00000, 0x0000000085f00000|100%|HC|  |TS  0|AC  0|TAMS 0x0000000085f00000, 0x0000000085f00000|
|  17|0x0000000085f00000, 0x0000000086000000, 0x0000000086000000|100%|HS|  |TS  0|AC  0|TAMS 0x0000000086000000, 0x0000000086000000|
|  18|0x0000000086000000, 0x0000000086100000, 0x0000000086100000|100%|HC|  |TS  0|AC  0|TAMS 0x0000000086100000, 0x0000000086100000|
|  19|0x0000000086100000, 0x0000000086200000, 0x0000000086200000|100%|HS|  |TS  0|AC  0|TAMS 0x0000000086200000, 0x0000000086200000|
|  20|0x0000000086200000, 0x0000000086300000, 0x0000000086300000|100%|HC|  |TS  0|AC  0|TAMS 0x0000000086300000, 0x0000000086300000|
|  21|0x0000000086300000, 0x0000000086400000, 0x0000000086400000|100%|HS|  |TS  0|AC  0|TAMS 0x0000000086400000, 0x0000000086400000|
|  22|0x0000000086400000, 0x0000000086500000, 0x0000000086500000|100%|HC|  |TS  0|AC  0|TAMS 0x0000000086500000, 0x0000000086500000|
|  23|0x0000000086500000, 0x0000000086600000, 0x0000000086600000|100%|HS|  |TS  0|AC  0|TAMS 0x0000000086600000, 0x0000000086600000|
|  24|0x0000000086600000, 0x0000000086700000, 0x0000000086700000|100%|HC|  |TS  0|AC  0|TAMS 0x0000000086700000, 0x0000000086700000|
|  25|0x0000000086700000, 0x0000000086800000, 0x0000000086800000|100%|HS|  |TS  0|AC  0|TAMS 0x0000000086800000, 0x0000000086800000|
|  26|0x0000000086800000, 0x0000000086900000, 0x0000000086900000|100%|HC|  |TS  0|AC  0|TAMS 0x0000000086900000, 0x0000000086900000|
|  27|0x0000000086900000, 0x0000000086a00000, 0x0000000086a00000|100%|HS|  |TS  0|AC  0|TAMS 0x0000000086a00000, 0x0000000086a00000|
|  28|0x0000000086a00000, 0x0000000086b00000, 0x0000000086b00000|100%|HC|  |TS  0|AC  0|TAMS 0x0000000086b00000, 0x0000000086b00000|
|  29|0x0000000086b00000, 0x0000000086c00000, 0x0000000086c00000|100%|HS|  |TS  0|AC  0|TAMS 0x0000000086c00000, 0x0000000086c00000|
|  30|0x0000000086c00000, 0x0000000086d00000, 0x0000000086d00000|100%|HC|  |TS  0|AC  0|TAMS 0x0000000086d00000, 0x0000000086d00000|
|  31|0x0000000086d00000, 0x0000000086e00000, 0x0000000086e00000|100%|HS|  |TS  0|AC  0|TAMS 0x0000000086e00000, 0x0000000086e00000|
|  32|0x0000000086e00000, 0x0000000086f00000, 0x0000000086f00000|100%|HC|  |TS  0|AC  0|TAMS 0x0000000086f00000, 0x0000000086f00000|
|  33|0x0000000086f00000, 0x0000000087000000, 0x0000000087000000|100%|HS|  |TS  0|AC  0|TAMS 0x0000000087000000, 0x0000000087000000|
|  34|0x0000000087000000, 0x0000000087100000, 0x0000000087100000|100%|HC|  |TS  0|AC  0|TAMS 0x0000000087100000, 0x0000000087100000|
|  35|0x0000000087100000, 0x0000000087200000, 0x0000000087200000|100%|HS|  |TS  0|AC  0|TAMS 0x0000000087200000, 0x0000000087200000|
|  36|0x0000000087200000, 0x0000000087300000, 0x0000000087300000|100%|HC|  |TS  0|AC  0|TAMS 0x0000000087300000, 0x0000000087300000|
|  37|0x0000000087300000, 0x0000000087400000, 0x0000000087400000|100%|HS|  |TS  0|AC  0|TAMS 0x0000000087400000, 0x0000000087400000|
|  38|0x0000000087400000, 0x0000000087500000, 0x0000000087500000|100%|HC|  |TS  0|AC  0|TAMS 0x0000000087500000, 0x0000000087500000|
|  39|0x0000000087500000, 0x0000000087600000, 0x0000000087600000|100%|HS|  |TS  0|AC  0|TAMS 0x0000000087600000, 0x0000000087600000|
|  40|0x0000000087600000, 0x0000000087700000, 0x0000000087700000|100%|HC|  |TS  0|AC  0|TAMS 0x0000000087700000, 0x0000000087700000|
|  41|0x0000000087700000, 0x0000000087800000, 0x0000000087800000|100%|HS|  |TS  0|AC  0|TAMS 0x0000000087800000, 0x0000000087800000|
|  42|0x0000000087800000, 0x0000000087900000, 0x0000000087900000|100%|HC|  |TS  0|AC  0|TAMS 0x0000000087900000, 0x0000000087900000|
|  43|0x0000000087900000, 0x0000000087a00000, 0x0000000087a00000|100%|HS|  |TS  0|AC  0|TAMS 0x0000000087a00000, 0x0000000087a00000|
|  44|0x0000000087a00000, 0x0000000087b00000, 0x0000000087b00000|100%|HC|  |TS  0|AC  0|TAMS 0x0000000087b00000, 0x0000000087b00000|
|  45|0x0000000087b00000, 0x0000000087c00000, 0x0000000087c00000|100%|HS|  |TS  0|AC  0|TAMS 0x0000000087c00000, 0x0000000087c00000|
|  46|0x0000000087c00000, 0x0000000087d00000, 0x0000000087d00000|100%|HC|  |TS  0|AC  0|TAMS 0x0000000087d00000, 0x0000000087d00000|
|  47|0x0000000087d00000, 0x0000000087e00000, 0x0000000087e00000|100%|HS|  |TS  0|AC  0|TAMS 0x0000000087e00000, 0x0000000087e00000|
|  48|0x0000000087e00000, 0x0000000087f00000, 0x0000000087f00000|100%|HC|  |TS  0|AC  0|TAMS 0x0000000087f00000, 0x0000000087f00000|
|  49|0x0000000087f00000, 0x0000000088000000, 0x0000000088000000|100%|HS|  |TS  0|AC  0|TAMS 0x0000000088000000, 0x0000000088000000|
|  50|0x0000000088000000, 0x0000000088100000, 0x0000000088100000|100%|HC|  |TS  0|AC  0|TAMS 0x0000000088100000, 0x0000000088100000|
|  51|0x0000000088100000, 0x0000000088200000, 0x0000000088200000|100%|HS|  |TS  0|AC  0|TAMS 0x0000000088200000, 0x0000000088200000|
|  52|0x0000000088200000, 0x0000000088300000, 0x0000000088300000|100%|HC|  |TS  0|AC  0|TAMS 0x0000000088300000, 0x0000000088300000|
|  53|0x0000000088300000, 0x0000000088400000, 0x0000000088400000|100%|HS|  |TS  0|AC  0|TAMS 0x0000000088400000, 0x0000000088400000|
|  54|0x0000000088400000, 0x0000000088500000, 0x0000000088500000|100%|HC|  |TS  0|AC  0|TAMS 0x0000000088500000, 0x0000000088500000|
|  55|0x0000000088500000, 0x0000000088600000, 0x0000000088600000|100%|HS|  |TS  0|AC  0|TAMS 0x0000000088600000, 0x0000000088600000|
|  56|0x0000000088600000, 0x0000000088700000, 0x0000000088700000|100%|HC|  |TS  0|AC  0|TAMS 0x0000000088700000, 0x0000000088700000|
|  57|0x0000000088700000, 0x0000000088800000, 0x0000000088800000|100%|HS|  |TS  0|AC  0|TAMS 0x0000000088800000, 0x0000000088800000|
|  58|0x0000000088800000, 0x0000000088900000, 0x0000000088900000|100%|HC|  |TS  0|AC  0|TAMS 0x0000000088900000, 0x0000000088900000|
|  59|0x0000000088900000, 0x0000000088a00000, 0x0000000088a00000|100%|HS|  |TS  0|AC  0|TAMS 0x0000000088a00000, 0x0000000088a00000|
|  60|0x0000000088a00000, 0x0000000088b00000, 0x0000000088b00000|100%|HC|  |TS  0|AC  0|TAMS 0x0000000088b00000, 0x0000000088b00000|
|  61|0x0000000088b00000, 0x0000000088c00000, 0x0000000088c00000|100%|HS|  |TS  0|AC  0|TAMS 0x0000000088b00000, 0x0000000088c00000|
|  62|0x0000000088c00000, 0x0000000088d00000, 0x0000000088d00000|100%|HC|  |TS  0|AC  0|TAMS 0x0000000088c00000, 0x0000000088d00000|
|  63|0x0000000088d00000, 0x0000000088d00000, 0x0000000088e00000|  0%| F|  |TS  0|AC  0|TAMS 0x0000000088d00000, 0x0000000088d00000|
|  64|0x0000000088e00000, 0x0000000088e00000, 0x0000000088f00000|  0%| F|  |TS  0|AC  0|TAMS 0x0000000088e00000, 0x0000000088e00000|
|  65|0x0000000088f00000, 0x0000000088f00000, 0x0000000089000000|  0%| F|  |TS  0|AC  0|TAMS 0x0000000088f00000, 0x0000000088f00000|
|  66|0x0000000089000000, 0x0000000089000000, 0x0000000089100000|  0%| F|  |TS  0|AC  0|TAMS 0x0000000089000000, 0x0000000089000000|
|  67|0x0000000089100000, 0x0000000089100000, 0x0000000089200000|  0%| F|  |TS  0|AC  0|TAMS 0x0000000089100000, 0x0000000089100000|
|  68|0x0000000089200000, 0x0000000089200000, 0x0000000089300000|  0%| F|  |TS  0|AC  0|TAMS 0x0000000089200000, 0x0000000089200000|
|  69|0x0000000089300000, 0x0000000089300000, 0x0000000089400000|  0%| F|  |TS  0|AC  0|TAMS 0x0000000089300000, 0x0000000089300000|
|  70|0x0000000089400000, 0x0000000089400000, 0x0000000089500000|  0%| F|  |TS  0|AC  0|TAMS 0x0000000089400000, 0x0000000089400000|
|  71|0x0000000089500000, 0x0000000089500000, 0x0000000089600000|  0%| F|  |TS  0|AC  0|TAMS 0x0000000089500000, 0x0000000089500000|
|  72|0x0000000089600000, 0x0000000089600000, 0x0000000089700000|  0%| F|  |TS  0|AC  0|TAMS 0x0000000089600000, 0x0000000089600000|
|  73|0x0000000089700000, 0x0000000089700000, 0x0000000089800000|  0%| F|  |TS  0|AC  0|TAMS 0x0000000089700000, 0x0000000089700000|
|  74|0x0000000089800000, 0x0000000089800000, 0x0000000089900000|  0%| F|  |TS  0|AC  0|TAMS 0x0000000089800000, 0x0000000089800000|
|  75|0x0000000089900000, 0x0000000089900000, 0x0000000089a00000|  0%| F|  |TS  0|AC  0|TAMS 0x0000000089900000, 0x0000000089900000|
|  76|0x0000000089a00000, 0x0000000089a00000, 0x0000000089b00000|  0%| F|  |TS  0|AC  0|TAMS 0x0000000089a00000, 0x0000000089a00000|
|  77|0x0000000089b00000, 0x0000000089b00000, 0x0000000089c00000|  0%| F|  |TS  0|AC  0|TAMS 0x0000000089b00000, 0x0000000089b00000|
|  78|0x0000000089c00000, 0x0000000089c00000, 0x0000000089d00000|  0%| F|  |TS  0|AC  0|TAMS 0x0000000089c00000, 0x0000000089c00000|
|  79|0x0000000089d00000, 0x0000000089d00000, 0x0000000089e00000|  0%| F|  |TS  0|AC  0|TAMS 0x0000000089d00000, 0x0000000089d00000|
|  80|0x0000000089e00000, 0x0000000089e00000, 0x0000000089f00000|  0%| F|  |TS  0|AC  0|TAMS 0x0000000089e00000, 0x0000000089e00000|
|  81|0x0000000089f00000, 0x0000000089f00000, 0x000000008a000000|  0%| F|  |TS  0|AC  0|TAMS 0x0000000089f00000, 0x0000000089f00000|
|  82|0x000000008a000000, 0x000000008a000000, 0x000000008a100000|  0%| F|  |TS  0|AC  0|TAMS 0x000000008a000000, 0x000000008a000000|
|  83|0x000000008a100000, 0x000000008a100000, 0x000000008a200000|  0%| F|  |TS  0|AC  0|TAMS 0x000000008a100000, 0x000000008a100000|
|  84|0x000000008a200000, 0x000000008a200000, 0x000000008a300000|  0%| F|  |TS  0|AC  0|TAMS 0x000000008a200000, 0x000000008a200000|
|  85|0x000000008a300000, 0x000000008a300000, 0x000000008a400000|  0%| F|  |TS  0|AC  0|TAMS 0x000000008a300000, 0x000000008a300000|
|  86|0x000000008a400000, 0x000000008a400000, 0x000000008a500000|  0%| F|  |TS  0|AC  0|TAMS 0x000000008a400000, 0x000000008a400000|
|  87|0x000000008a500000, 0x000000008a500000, 0x000000008a600000|  0%| F|  |TS  0|AC  0|TAMS 0x000000008a500000, 0x000000008a500000|
|  88|0x000000008a600000, 0x000000008a600000, 0x000000008a700000|  0%| F|  |TS  0|AC  0|TAMS 0x000000008a600000, 0x000000008a600000|
|  89|0x000000008a700000, 0x000000008a700000, 0x000000008a800000|  0%| F|  |TS  0|AC  0|TAMS 0x000000008a700000, 0x000000008a700000|
|  90|0x000000008a800000, 0x000000008a800000, 0x000000008a900000|  0%| F|  |TS  0|AC  0|TAMS 0x000000008a800000, 0x000000008a800000|
|  91|0x000000008a900000, 0x000000008a900000, 0x000000008aa00000|  0%| F|  |TS  0|AC  0|TAMS 0x000000008a900000, 0x000000008a900000|
|  92|0x000000008aa00000, 0x000000008aa00000, 0x000000008ab00000|  0%| F|  |TS  0|AC  0|TAMS 0x000000008aa00000, 0x000000008aa00000|
|  93|0x000000008ab00000, 0x000000008ab00000, 0x000000008ac00000|  0%| F|  |TS  0|AC  0|TAMS 0x000000008ab00000, 0x000000008ab00000|
|  94|0x000000008ac00000, 0x000000008ac00000, 0x000000008ad00000|  0%| F|  |TS  0|AC  0|TAMS 0x000000008ac00000, 0x000000008ac00000|
|  95|0x000000008ad00000, 0x000000008ad00000, 0x000000008ae00000|  0%| F|  |TS  0|AC  0|TAMS 0x000000008ad00000, 0x000000008ad00000|
|  96|0x000000008ae00000, 0x000000008ae00000, 0x000000008af00000|  0%| F|  |TS  0|AC  0|TAMS 0x000000008ae00000, 0x000000008ae00000|
|  97|0x000000008af00000, 0x000000008af00000, 0x000000008b000000|  0%| F|  |TS  0|AC  0|TAMS 0x000000008af00000, 0x000000008af00000|
|  98|0x000000008b000000, 0x000000008b000000, 0x000000008b100000|  0%| F|  |TS  0|AC  0|TAMS 0x000000008b000000, 0x000000008b000000|
|  99|0x000000008b100000, 0x000000008b100000, 0x000000008b200000|  0%| F|  |TS  0|AC  0|TAMS 0x000000008b100000, 0x000000008b100000|
| 100|0x000000008b200000, 0x000000008b200000, 0x000000008b300000|  0%| F|  |TS  0|AC  0|TAMS 0x000000008b200000, 0x000000008b200000|
| 101|0x000000008b300000, 0x000000008b300000, 0x000000008b400000|  0%| F|  |TS  0|AC  0|TAMS 0x000000008b300000, 0x000000008b300000|
| 102|0x000000008b400000, 0x000000008b400000, 0x000000008b500000|  0%| F|  |TS  0|AC  0|TAMS 0x000000008b400000, 0x000000008b400000|
| 103|0x000000008b500000, 0x000000008b500000, 0x000000008b600000|  0%| F|  |TS  0|AC  0|TAMS 0x000000008b500000, 0x000000008b500000|
| 104|0x000000008b600000, 0x000000008b600000, 0x000000008b700000|  0%| F|  |TS  0|AC  0|TAMS 0x000000008b600000, 0x000000008b600000|
| 105|0x000000008b700000, 0x000000008b700000, 0x000000008b800000|  0%| F|  |TS  0|AC  0|TAMS 0x000000008b700000, 0x000000008b700000|
| 106|0x000000008b800000, 0x000000008b800000, 0x000000008b900000|  0%| F|  |TS  0|AC  0|TAMS 0x000000008b800000, 0x000000008b800000|
| 107|0x000000008b900000, 0x000000008b900000, 0x000000008ba00000|  0%| F|  |TS  0|AC  0|TAMS 0x000000008b900000, 0x000000008b900000|
| 108|0x000000008ba00000, 0x000000008ba00000, 0x000000008bb00000|  0%| F|  |TS  0|AC  0|TAMS 0x000000008ba00000, 0x000000008ba00000|
| 109|0x000000008bb00000, 0x000000008bb00000, 0x000000008bc00000|  0%| F|  |TS  0|AC  0|TAMS 0x000000008bb00000, 0x000000008bb00000|
| 110|0x000000008bc00000, 0x000000008bc00000, 0x000000008bd00000|  0%| F|  |TS  0|AC  0|TAMS 0x000000008bc00000, 0x000000008bc00000|
| 111|0x000000008bd00000, 0x000000008bd00000, 0x000000008be00000|  0%| F|  |TS  0|AC  0|TAMS 0x000000008bd00000, 0x000000008bd00000|
| 112|0x000000008be00000, 0x000000008be00000, 0x000000008bf00000|  0%| F|  |TS  0|AC  0|TAMS 0x000000008be00000, 0x000000008be00000|
| 113|0x000000008bf00000, 0x000000008bf00000, 0x000000008c000000|  0%| F|  |TS  0|AC  0|TAMS 0x000000008bf00000, 0x000000008bf00000|
| 114|0x000000008c000000, 0x000000008c000000, 0x000000008c100000|  0%| F|  |TS  0|AC  0|TAMS 0x000000008c000000, 0x000000008c000000|
| 115|0x000000008c100000, 0x000000008c132e30, 0x000000008c200000| 19%| S|CS|TS  1|AC  0|TAMS 0x000000008c100000, 0x000000008c100000|
| 116|0x000000008c200000, 0x000000008c300000, 0x000000008c300000|100%| S|CS|TS  1|AC  0|TAMS 0x000000008c200000, 0x000000008c200000|
| 117|0x000000008c300000, 0x000000008c400000, 0x000000008c400000|100%| S|CS|TS  1|AC  0|TAMS 0x000000008c300000, 0x000000008c300000|
| 118|0x000000008c400000, 0x000000008c400000, 0x000000008c500000|  0%| F|  |TS  1|AC  0|TAMS 0x000000008c400000, 0x000000008c400000|
| 119|0x000000008c500000, 0x000000008c500000, 0x000000008c600000|  0%| F|  |TS  1|AC  0|TAMS 0x000000008c500000, 0x000000008c500000|
| 120|0x000000008c600000, 0x000000008c600000, 0x000000008c700000|  0%| F|  |TS  1|AC  0|TAMS 0x000000008c600000, 0x000000008c600000|
| 121|0x000000008c700000, 0x000000008c700000, 0x000000008c800000|  0%| F|  |TS  1|AC  0|TAMS 0x000000008c700000, 0x000000008c700000|
| 122|0x000000008c800000, 0x000000008c800000, 0x000000008c900000|  0%| F|  |TS  1|AC  0|TAMS 0x000000008c800000, 0x000000008c800000|
| 123|0x000000008c900000, 0x000000008c900000, 0x000000008ca00000|  0%| F|  |TS  1|AC  0|TAMS 0x000000008c900000, 0x000000008c900000|

Card table byte_map: [0x00007fdbd81ba000,0x00007fdbd8593000] byte_map_base: 0x00007fdbd7d93000

Marking Bits (Prev, Next): (CMBitMap*) 0x00007fdbf405d3d0, (CMBitMap*) 0x00007fdbf405d408
 Prev Bits: [0x00007fdbb1d5f000, 0x00007fdbb3c27000)
 Next Bits: [0x00007fdbafe97000, 0x00007fdbb1d5f000)

Polling page: 0x00007fdbfbb10000

CodeHeap 'non-profiled nmethods': size=120032Kb used=367Kb max_used=367Kb free=119664Kb
 bounds [0x00007fdbe1605000, 0x00007fdbe1875000, 0x00007fdbe8b3d000]
CodeHeap 'profiled nmethods': size=120032Kb used=1291Kb max_used=1291Kb free=118740Kb
 bounds [0x00007fdbda0cd000, 0x00007fdbda33d000, 0x00007fdbe1605000]
CodeHeap 'non-nmethods': size=5696Kb used=1307Kb max_used=1325Kb free=4388Kb
 bounds [0x00007fdbd9b3d000, 0x00007fdbd9dad000, 0x00007fdbda0cd000]
 total_blobs=1485 nmethods=782 adapters=459
 compilation: enabled

Compilation events (10 events):
Event: 4.517 Thread 0x00007fdbf4164000  778       3       java.lang.StringBuilder::append (10 bytes)
Event: 4.518 Thread 0x00007fdbf4164000 nmethod 778 0x00007fdbda20e010 code [0x00007fdbda20e1c0, 0x00007fdbda20e368]
Event: 4.518 Thread 0x00007fdbf4164000  779       3       java.lang.AbstractStringBuilder::append (43 bytes)
Event: 4.518 Thread 0x00007fdbf4164000 nmethod 779 0x00007fdbda20e410 code [0x00007fdbda20e600, 0x00007fdbda20e938]
Event: 4.518 Thread 0x00007fdbf4164000  780       3       java.lang.invoke.DirectMethodHandle$Holder::invokeStatic (14 bytes)
Event: 4.527 Thread 0x00007fdbf4164000 nmethod 780 0x00007fdbda20ea90 code [0x00007fdbda20ec60, 0x00007fdbda20f1b8]
Event: 4.537 Thread 0x00007fdbf4164000  781       3       java.nio.ByteBuffer::arrayOffset (35 bytes)
Event: 4.537 Thread 0x00007fdbf4164000 nmethod 781 0x00007fdbda20f310 code [0x00007fdbda20f500, 0x00007fdbda20f7f8]
Event: 4.926 Thread 0x00007fdbf4164000  782       3       java.lang.String::valueOf (14 bytes)
Event: 4.927 Thread 0x00007fdbf4164000 nmethod 782 0x00007fdbda20f910 code [0x00007fdbda20fac0, 0x00007fdbda20fd28]

GC Heap History (10 events):
Event: 4.008 GC heap after
{Heap after GC invocations=1 (full 0):
 garbage-first heap   total 126976K, used 10360K [0x0000000084e00000, 0x0000000084f003e0, 0x0000000100000000)
  region size 1024K, 2 young (2048K), 2 survivors (2048K)
 Metaspace       used 11726K, capacity 12534K, committed 12672K, reserved 1060864K
  class space    used 1157K, capacity 1354K, committed 1408K, reserved 1048576K
}
Event: 4.518 GC heap before
{Heap before GC invocations=1 (full 0):
 garbage-first heap   total 126976K, used 91256K [0x0000000084e00000, 0x0000000084f003e0, 0x0000000100000000)
  region size 1024K, 36 young (36864K), 2 survivors (2048K)
 Metaspace       used 11745K, capacity 12598K, committed 12672K, reserved 1060864K
  class space    used 1157K, capacity 1354K, committed 1408K, reserved 1048576K
}
Event: 4.527 GC heap after
{Heap after GC invocations=2 (full 0):
 garbage-first heap   total 126976K, used 57847K [0x0000000084e00000, 0x0000000084f003e0, 0x0000000100000000)
  region size 1024K, 3 young (3072K), 3 survivors (3072K)
 Metaspace       used 11745K, capacity 12598K, committed 12672K, reserved 1060864K
  class space    used 1157K, capacity 1354K, committed 1408K, reserved 1048576K
}
Event: 4.560 GC heap before
{Heap before GC invocations=3 (full 0):
 garbage-first heap   total 126976K, used 60919K [0x0000000084e00000, 0x0000000084f003e0, 0x0000000100000000)
  region size 1024K, 5 young (5120K), 3 survivors (3072K)
 Metaspace       used 11745K, capacity 12598K, committed 12672K, reserved 1060864K
  class space    used 1157K, capacity 1354K, committed 1408K, reserved 1048576K
}
Event: 4.572 GC heap after
{Heap after GC invocations=4 (full 0):
 garbage-first heap   total 126976K, used 59611K [0x0000000084e00000, 0x0000000084f003e0, 0x0000000100000000)
  region size 1024K, 3 young (3072K), 3 survivors (3072K)
 Metaspace       used 11745K, capacity 12598K, committed 12672K, reserved 1060864K
  class space    used 1157K, capacity 1354K, committed 1408K, reserved 1048576K
}
Event: 4.772 GC heap before
{Heap before GC invocations=5 (full 0):
 garbage-first heap   total 126976K, used 63707K [0x0000000084e00000, 0x0000000084f003e0, 0x0000000100000000)
  region size 1024K, 6 young (6144K), 3 survivors (3072K)
 Metaspace       used 11745K, capacity 12598K, committed 12672K, reserved 1060864K
  class space    used 1157K, capacity 1354K, committed 1408K, reserved 1048576K
}
Event: 4.789 GC heap after
{Heap after GC invocations=6 (full 0):
 garbage-first heap   total 126976K, used 61779K [0x0000000084e00000, 0x0000000084f003e0, 0x0000000100000000)
  region size 1024K, 3 young (3072K), 3 survivors (3072K)
 Metaspace       used 11745K, capacity 12598K, committed 12672K, reserved 1060864K
  class space    used 1157K, capacity 1354K, committed 1408K, reserved 1048576K
}
Event: 4.860 GC heap before
{Heap before GC invocations=7 (full 0):
 garbage-first heap   total 126976K, used 64851K [0x0000000084e00000, 0x0000000084f003e0, 0x0000000100000000)
  region size 1024K, 5 young (5120K), 3 survivors (3072K)
 Metaspace       used 11745K, capacity 12598K, committed 12672K, reserved 1060864K
  class space    used 1157K, capacity 1354K, committed 1408K, reserved 1048576K
}
Event: 4.872 GC heap after
{Heap after GC invocations=8 (full 0):
 garbage-first heap   total 126976K, used 63709K [0x0000000084e00000, 0x0000000084f003e0, 0x0000000100000000)
  region size 1024K, 3 young (3072K), 3 survivors (3072K)
 Metaspace       used 11745K, capacity 12598K, committed 12672K, reserved 1060864K
  class space    used 1157K, capacity 1354K, committed 1408K, reserved 1048576K
}
Event: 5.022 GC heap before
{Heap before GC invocations=9 (full 0):
 garbage-first heap   total 126976K, used 67805K [0x0000000084e00000, 0x0000000084f003e0, 0x0000000100000000)
  region size 1024K, 6 young (6144K), 3 survivors (3072K)
 Metaspace       used 11745K, capacity 12598K, committed 12672K, reserved 1060864K
  class space    used 1157K, capacity 1354K, committed 1408K, reserved 1048576K
}

Deoptimization events (2 events):
Event: 3.070 Thread 0x00007fdbf4013800 Uncommon trap: reason=unstable_if action=reinterpret pc=0x00007fdbe1622d60 method=java.lang.StringLatin1.replace([BCC)Ljava/lang/String; @ 19 c2
Event: 3.708 Thread 0x00007fdbf4013800 Uncommon trap: reason=unstable_if action=reinterpret pc=0x00007fdbe1646098 method=jdk.internal.org.objectweb.asm.Type.getArgumentsAndReturnSizes(Ljava/lang/String;)I @ 88 c2

Classes redefined (0 events):
No events

Internal exceptions (10 events):
Event: 3.287 Thread 0x00007fdbf4013800 Exception <a 'java/lang/NoSuchMethodError'{0x000000008c347550}: method resolution failed> (0x000000008c347550) thrown at [/scratch/opt/mach5/mesos/work_dir/slaves/e72b529e-af37-4c00-b29e-141f3b57348c-S1075/frameworks/1735e8a2-a1db-478c-8104-60c8b0af87dd-0
Event: 3.404 Thread 0x00007fdbf4013800 Exception <a 'java/lang/ClassNotFoundException'{0x000000008c29e2f8}: com/sun/swing/internal/plaf/metal/resources/spi/metalProvider> (0x000000008c29e2f8) thrown at [/scratch/opt/mach5/mesos/work_dir/slaves/e72b529e-af37-4c00-b29e-141f3b57348c-S1075/framewo
Event: 3.405 Thread 0x00007fdbf4013800 Exception <a 'java/lang/ClassNotFoundException'{0x000000008c2a26a0}: com/sun/swing/internal/plaf/basic/resources/spi/basicProvider> (0x000000008c2a26a0) thrown at [/scratch/opt/mach5/mesos/work_dir/slaves/e72b529e-af37-4c00-b29e-141f3b57348c-S1075/framewo
Event: 3.712 Thread 0x00007fdbf4013800 Exception <a 'java/lang/NoSuchMethodError'{0x000000008c2fa0b8}: java.lang.Object.lambda$union$2(Ljava/util/regex/Pattern$CharPredicate;I)Z> (0x000000008c2fa0b8) thrown at [/scratch/opt/mach5/mesos/work_dir/slaves/e72b529e-af37-4c00-b29e-141f3b57348c-S1075
Event: 3.749 Thread 0x00007fdbf4013800 Exception <a 'java/lang/NoSuchMethodError'{0x000000008c134f00}: java.lang.invoke.DirectMethodHandle$Holder.invokeStatic(Ljava/lang/Object;Ljava/lang/Object;Ljava/lang/Object;Ljava/lang/Object;Ljava/lang/Object;Ljava/lang/Object;Ljava/lang/Object;Ljava/lan
Event: 3.753 Thread 0x00007fdbf4013800 Exception <a 'java/lang/NoSuchMethodError'{0x000000008c153510}: java.lang.invoke.DirectMethodHandle$Holder.invokeStatic(Ljava/lang/Object;Ljava/lang/Object;Ljava/lang/Object;Ljava/lang/Object;Ljava/lang/Object;Ljava/lang/Object;Ljava/lang/Object;Ljava/lan
Event: 3.759 Thread 0x00007fdbf4013800 Exception <a 'java/lang/NoSuchMethodError'{0x000000008c172738}: java.lang.invoke.DirectMethodHandle$Holder.invokeStatic(Ljava/lang/Object;Ljava/lang/Object;Ljava/lang/Object;Ljava/lang/Object;Ljava/lang/Object;Ljava/lang/Object;Ljava/lang/Object;Ljava/lan
Event: 3.765 Thread 0x00007fdbf4013800 Exception <a 'java/lang/NoSuchMethodError'{0x000000008c193978}: java.lang.invoke.DirectMethodHandle$Holder.invokeStatic(Ljava/lang/Object;Ljava/lang/Object;Ljava/lang/Object;Ljava/lang/Object;Ljava/lang/Object;Ljava/lang/Object;Ljava/lang/Object;Ljava/lan
Event: 3.825 Thread 0x00007fdbf43f1800 Exception <a 'java/lang/NoSuchMethodError'{0x000000008c1dbec0}: method resolution failed> (0x000000008c1dbec0) thrown at [/scratch/opt/mach5/mesos/work_dir/slaves/e72b529e-af37-4c00-b29e-141f3b57348c-S1075/frameworks/1735e8a2-a1db-478c-8104-60c8b0af87dd-0
Event: 3.827 Thread 0x00007fdbf43f1800 Exception <a 'java/lang/NoSuchMethodError'{0x000000008c1e3e50}: method resolution failed> (0x000000008c1e3e50) thrown at [/scratch/opt/mach5/mesos/work_dir/slaves/e72b529e-af37-4c00-b29e-141f3b57348c-S1075/frameworks/1735e8a2-a1db-478c-8104-60c8b0af87dd-0

Events (10 events):
Event: 4.805 Executing VM operation: CGC_Operation done
Event: 4.860 Executing VM operation: G1IncCollectionPause
Event: 4.872 Executing VM operation: G1IncCollectionPause done
Event: 4.908 Executing VM operation: CGC_Operation
Event: 4.915 Executing VM operation: CGC_Operation done
Event: 4.915 Executing VM operation: CGC_Operation
Event: 4.916 Executing VM operation: CGC_Operation done
Event: 4.989 Executing VM operation: EnableBiasedLocking
Event: 4.989 Executing VM operation: EnableBiasedLocking done
Event: 5.022 Executing VM operation: G1IncCollectionPause


Dynamic libraries:
00400000-00401000 r-xp 00000000 08:06 5116901                            /usr/lib/jvm/java-9-oracle/bin/java
00600000-00601000 rw-p 00000000 08:06 5116901                            /usr/lib/jvm/java-9-oracle/bin/java
01bef000-01c31000 rw-p 00000000 00:00 0                                  [heap]
84e00000-8ca00000 rw-p 00000000 00:00 0 
9c200000-100000000 ---p 00000000 00:00 0 
100000000-100160000 rw-p 00000000 00:00 0 
100160000-140000000 ---p 00000000 00:00 0 
7fdb50000000-7fdb50021000 rw-p 00000000 00:00 0 
7fdb50021000-7fdb54000000 ---p 00000000 00:00 0 
7fdb54000000-7fdb54021000 rw-p 00000000 00:00 0 
7fdb54021000-7fdb58000000 ---p 00000000 00:00 0 
7fdb58000000-7fdb58022000 rw-p 00000000 00:00 0 
7fdb58022000-7fdb5c000000 ---p 00000000 00:00 0 
7fdb5c000000-7fdb5c022000 rw-p 00000000 00:00 0 
7fdb5c022000-7fdb60000000 ---p 00000000 00:00 0 
7fdb60000000-7fdb60021000 rw-p 00000000 00:00 0 
7fdb60021000-7fdb64000000 ---p 00000000 00:00 0 
7fdb653c6000-7fdb655c5000 rw-p 00000000 00:00 0 
7fdb655c5000-7fdb655c9000 ---p 00000000 00:00 0 
7fdb655c9000-7fdb656c6000 rw-p 00000000 00:00 0 
7fdb656c6000-7fdb656fc000 r-xp 00000000 08:06 5126439                    /usr/lib/jvm/java-9-oracle/lib/libjavajpeg.so
7fdb656fc000-7fdb658fc000 ---p 00036000 08:06 5126439                    /usr/lib/jvm/java-9-oracle/lib/libjavajpeg.so
7fdb658fc000-7fdb658fd000 rw-p 00036000 08:06 5126439                    /usr/lib/jvm/java-9-oracle/lib/libjavajpeg.so
7fdb658fd000-7fdb65901000 ---p 00000000 00:00 0 
7fdb65901000-7fdb65afe000 rw-p 00000000 00:00 0 
7fdb65afe000-7fdb65bfe000 ---p 00000000 00:00 0 
7fdb65bfe000-7fdb65c03000 r-xp 00000000 08:06 4857947                    /usr/lib/x86_64-linux-gnu/libXfixes.so.3.1.0
7fdb65c03000-7fdb65e02000 ---p 00005000 08:06 4857947                    /usr/lib/x86_64-linux-gnu/libXfixes.so.3.1.0
7fdb65e02000-7fdb65e03000 r--p 00004000 08:06 4857947                    /usr/lib/x86_64-linux-gnu/libXfixes.so.3.1.0
7fdb65e03000-7fdb65e04000 rw-p 00005000 08:06 4857947                    /usr/lib/x86_64-linux-gnu/libXfixes.so.3.1.0
7fdb65e04000-7fdb65e05000 ---p 00000000 00:00 0 
7fdb65e05000-7fdb66605000 rw-p 00000000 00:00 0 
7fdb66605000-7fdb6661b000 r-xp 00000000 08:06 6165008                    /lib/x86_64-linux-gnu/libgcc_s.so.1
7fdb6661b000-7fdb6681a000 ---p 00016000 08:06 6165008                    /lib/x86_64-linux-gnu/libgcc_s.so.1
7fdb6681a000-7fdb6681b000 rw-p 00015000 08:06 6165008                    /lib/x86_64-linux-gnu/libgcc_s.so.1
7fdb6681b000-7fdb6698d000 r-xp 00000000 08:06 4854570                    /usr/lib/x86_64-linux-gnu/libstdc++.so.6.0.21
7fdb6698d000-7fdb66b8d000 ---p 00172000 08:06 4854570                    /usr/lib/x86_64-linux-gnu/libstdc++.so.6.0.21
7fdb66b8d000-7fdb66b97000 r--p 00172000 08:06 4854570                    /usr/lib/x86_64-linux-gnu/libstdc++.so.6.0.21
7fdb66b97000-7fdb66b99000 rw-p 0017c000 08:06 4854570                    /usr/lib/x86_64-linux-gnu/libstdc++.so.6.0.21
7fdb66b99000-7fdb66b9d000 rw-p 00000000 00:00 0 
7fdb66bd7000-7fdb66be0000 r-xp 00000000 08:06 4857939                    /usr/lib/x86_64-linux-gnu/libXcursor.so.1.0.2
7fdb66be0000-7fdb66ddf000 ---p 00009000 08:06 4857939                    /usr/lib/x86_64-linux-gnu/libXcursor.so.1.0.2
7fdb66ddf000-7fdb66de0000 r--p 00008000 08:06 4857939                    /usr/lib/x86_64-linux-gnu/libXcursor.so.1.0.2
7fdb66de0000-7fdb66de1000 rw-p 00009000 08:06 4857939                    /usr/lib/x86_64-linux-gnu/libXcursor.so.1.0.2
7fdb66de1000-7fdb66de2000 ---p 00000000 00:00 0 
7fdb66de2000-7fdb675e2000 rw-p 00000000 00:00 0 
7fdb675e2000-7fdb675e3000 ---p 00000000 00:00 0 
7fdb675e3000-7fdb67de3000 rw-p 00000000 00:00 0 
7fdb67de3000-7fdb67dfc000 r-xp 00000000 08:06 5115036                    /usr/lib/x86_64-linux-gnu/gio/modules/libgioremote-volume-monitor.so
7fdb67dfc000-7fdb67ffc000 ---p 00019000 08:06 5115036                    /usr/lib/x86_64-linux-gnu/gio/modules/libgioremote-volume-monitor.so
7fdb67ffc000-7fdb67fff000 r--p 00019000 08:06 5115036                    /usr/lib/x86_64-linux-gnu/gio/modules/libgioremote-volume-monitor.so
7fdb67fff000-7fdb68000000 rw-p 0001c000 08:06 5115036                    /usr/lib/x86_64-linux-gnu/gio/modules/libgioremote-volume-monitor.so
7fdb68000000-7fdb68021000 rw-p 00000000 00:00 0 
7fdb68021000-7fdb6c000000 ---p 00000000 00:00 0 
7fdb6c000000-7fdb6c021000 rw-p 00000000 00:00 0 
7fdb6c021000-7fdb70000000 ---p 00000000 00:00 0 
7fdb70000000-7fdb70026000 rw-p 00000000 00:00 0 
7fdb70026000-7fdb74000000 ---p 00000000 00:00 0 
7fdb74000000-7fdb74021000 rw-p 00000000 00:00 0 
7fdb74021000-7fdb78000000 ---p 00000000 00:00 0 
7fdb78000000-7fdb78025000 rw-p 00000000 00:00 0 
7fdb78025000-7fdb7c000000 ---p 00000000 00:00 0 
7fdb7c011000-7fdb7c015000 ---p 00000000 00:00 0 
7fdb7c015000-7fdb7c112000 rw-p 00000000 00:00 0 
7fdb7c112000-7fdb7c116000 ---p 00000000 00:00 0 
7fdb7c116000-7fdb7c213000 rw-p 00000000 00:00 0 
7fdb7c213000-7fdb7c249000 r-xp 00000000 08:06 5115593                    /usr/lib/x86_64-linux-gnu/gvfs/libgvfscommon.so
7fdb7c249000-7fdb7c449000 ---p 00036000 08:06 5115593                    /usr/lib/x86_64-linux-gnu/gvfs/libgvfscommon.so
7fdb7c449000-7fdb7c44e000 r--p 00036000 08:06 5115593                    /usr/lib/x86_64-linux-gnu/gvfs/libgvfscommon.so
7fdb7c44e000-7fdb7c44f000 rw-p 0003b000 08:06 5115593                    /usr/lib/x86_64-linux-gnu/gvfs/libgvfscommon.so
7fdb7c44f000-7fdb7c47f000 r-xp 00000000 08:06 5115037                    /usr/lib/x86_64-linux-gnu/gio/modules/libgvfsdbus.so
7fdb7c47f000-7fdb7c67e000 ---p 00030000 08:06 5115037                    /usr/lib/x86_64-linux-gnu/gio/modules/libgvfsdbus.so
7fdb7c67e000-7fdb7c67f000 r--p 0002f000 08:06 5115037                    /usr/lib/x86_64-linux-gnu/gio/modules/libgvfsdbus.so
7fdb7c67f000-7fdb7c680000 rw-p 00030000 08:06 5115037                    /usr/lib/x86_64-linux-gnu/gio/modules/libgvfsdbus.so
7fdb7c680000-7fdb7c681000 rw-p 00000000 00:00 0 
7fdb7c681000-7fdb7c68c000 r-xp 00000000 08:06 5115032                    /usr/lib/x86_64-linux-gnu/gio/modules/libdconfsettings.so
7fdb7c68c000-7fdb7c88c000 ---p 0000b000 08:06 5115032                    /usr/lib/x86_64-linux-gnu/gio/modules/libdconfsettings.so
7fdb7c88c000-7fdb7c88d000 r--p 0000b000 08:06 5115032                    /usr/lib/x86_64-linux-gnu/gio/modules/libdconfsettings.so
7fdb7c88d000-7fdb7c88e000 rw-p 0000c000 08:06 5115032                    /usr/lib/x86_64-linux-gnu/gio/modules/libdconfsettings.so
7fdb7c88e000-7fdb7c8fc000 r-xp 00000000 08:06 6165099                    /lib/x86_64-linux-gnu/libpcre.so.3.13.2
7fdb7c8fc000-7fdb7cafc000 ---p 0006e000 08:06 6165099                    /lib/x86_64-linux-gnu/libpcre.so.3.13.2
7fdb7cafc000-7fdb7cafd000 r--p 0006e000 08:06 6165099                    /lib/x86_64-linux-gnu/libpcre.so.3.13.2
7fdb7cafd000-7fdb7cafe000 rw-p 0006f000 08:06 6165099                    /lib/x86_64-linux-gnu/libpcre.so.3.13.2
7fdb7cafe000-7fdb7cb05000 r-xp 00000000 08:06 4858315                    /usr/lib/x86_64-linux-gnu/libffi.so.6.0.4
7fdb7cb05000-7fdb7cd04000 ---p 00007000 08:06 4858315                    /usr/lib/x86_64-linux-gnu/libffi.so.6.0.4
7fdb7cd04000-7fdb7cd05000 r--p 00006000 08:06 4858315                    /usr/lib/x86_64-linux-gnu/libffi.so.6.0.4
7fdb7cd05000-7fdb7cd06000 rw-p 00007000 08:06 4858315                    /usr/lib/x86_64-linux-gnu/libffi.so.6.0.4
7fdb7cd06000-7fdb7cd1d000 r-xp 00000000 08:06 6169651                    /lib/x86_64-linux-gnu/libresolv-2.23.so
7fdb7cd1d000-7fdb7cf1d000 ---p 00017000 08:06 6169651                    /lib/x86_64-linux-gnu/libresolv-2.23.so
7fdb7cf1d000-7fdb7cf1e000 r--p 00017000 08:06 6169651                    /lib/x86_64-linux-gnu/libresolv-2.23.so
7fdb7cf1e000-7fdb7cf1f000 rw-p 00018000 08:06 6169651                    /lib/x86_64-linux-gnu/libresolv-2.23.so
7fdb7cf1f000-7fdb7cf21000 rw-p 00000000 00:00 0 
7fdb7cf21000-7fdb7cf40000 r-xp 00000000 08:06 6165128                    /lib/x86_64-linux-gnu/libselinux.so.1
7fdb7cf40000-7fdb7d13f000 ---p 0001f000 08:06 6165128                    /lib/x86_64-linux-gnu/libselinux.so.1
7fdb7d13f000-7fdb7d140000 r--p 0001e000 08:06 6165128                    /lib/x86_64-linux-gnu/libselinux.so.1
7fdb7d140000-7fdb7d141000 rw-p 0001f000 08:06 6165128                    /lib/x86_64-linux-gnu/libselinux.so.1
7fdb7d141000-7fdb7d143000 rw-p 00000000 00:00 0 
7fdb7d143000-7fdb7d252000 r-xp 00000000 08:06 6165012                    /lib/x86_64-linux-gnu/libglib-2.0.so.0.4800.1
7fdb7d252000-7fdb7d451000 ---p 0010f000 08:06 6165012                    /lib/x86_64-linux-gnu/libglib-2.0.so.0.4800.1
7fdb7d451000-7fdb7d452000 r--p 0010e000 08:06 6165012                    /lib/x86_64-linux-gnu/libglib-2.0.so.0.4800.1
7fdb7d452000-7fdb7d453000 rw-p 0010f000 08:06 6165012                    /lib/x86_64-linux-gnu/libglib-2.0.so.0.4800.1
7fdb7d453000-7fdb7d454000 rw-p 00000000 00:00 0 
7fdb7d454000-7fdb7d457000 r-xp 00000000 08:06 4858446                    /usr/lib/x86_64-linux-gnu/libgmodule-2.0.so.0.4800.1
7fdb7d457000-7fdb7d656000 ---p 00003000 08:06 4858446                    /usr/lib/x86_64-linux-gnu/libgmodule-2.0.so.0.4800.1
7fdb7d656000-7fdb7d657000 r--p 00002000 08:06 4858446                    /usr/lib/x86_64-linux-gnu/libgmodule-2.0.so.0.4800.1
7fdb7d657000-7fdb7d658000 rw-p 00003000 08:06 4858446                    /usr/lib/x86_64-linux-gnu/libgmodule-2.0.so.0.4800.1
7fdb7d658000-7fdb7d6aa000 r-xp 00000000 08:06 4858470                    /usr/lib/x86_64-linux-gnu/libgobject-2.0.so.0.4800.1
7fdb7d6aa000-7fdb7d8a9000 ---p 00052000 08:06 4858470                    /usr/lib/x86_64-linux-gnu/libgobject-2.0.so.0.4800.1
7fdb7d8a9000-7fdb7d8aa000 r--p 00051000 08:06 4858470                    /usr/lib/x86_64-linux-gnu/libgobject-2.0.so.0.4800.1
7fdb7d8aa000-7fdb7d8ab000 rw-p 00052000 08:06 4858470                    /usr/lib/x86_64-linux-gnu/libgobject-2.0.so.0.4800.1
7fdb7d8ab000-7fdb7da2b000 r-xp 00000000 08:06 4858432                    /usr/lib/x86_64-linux-gnu/libgio-2.0.so.0.4800.1
7fdb7da2b000-7fdb7dc2b000 ---p 00180000 08:06 4858432                    /usr/lib/x86_64-linux-gnu/libgio-2.0.so.0.4800.1
7fdb7dc2b000-7fdb7dc2f000 r--p 00180000 08:06 4858432                    /usr/lib/x86_64-linux-gnu/libgio-2.0.so.0.4800.1
7fdb7dc2f000-7fdb7dc31000 rw-p 00184000 08:06 4858432                    /usr/lib/x86_64-linux-gnu/libgio-2.0.so.0.4800.1
7fdb7dc31000-7fdb7dc33000 rw-p 00000000 00:00 0 
7fdb7dc33000-7fdb7dc3d000 r-xp 00000000 08:06 4857963                    /usr/lib/x86_64-linux-gnu/libXrandr.so.2.2.0
7fdb7dc3d000-7fdb7de3c000 ---p 0000a000 08:06 4857963                    /usr/lib/x86_64-linux-gnu/libXrandr.so.2.2.0
7fdb7de3c000-7fdb7de3d000 r--p 00009000 08:06 4857963                    /usr/lib/x86_64-linux-gnu/libXrandr.so.2.2.0
7fdb7de3d000-7fdb7de3e000 rw-p 0000a000 08:06 4857963                    /usr/lib/x86_64-linux-gnu/libXrandr.so.2.2.0
7fdb7de3e000-7fdb7e03e000 rw-p 00000000 00:00 0 
7fdb7e03e000-7fdb7e118000 r-xp 00000000 08:06 5126598                    /usr/lib/jvm/java-9-oracle/lib/libfontmanager.so
7fdb7e118000-7fdb7e318000 ---p 000da000 08:06 5126598                    /usr/lib/jvm/java-9-oracle/lib/libfontmanager.so
7fdb7e318000-7fdb7e31d000 rw-p 000da000 08:06 5126598                    /usr/lib/jvm/java-9-oracle/lib/libfontmanager.so
7fdb7e31d000-7fdb7e330000 rw-p 00000000 00:00 0 
7fdb7e330000-7fdb7e335000 r-xp 00000000 08:06 4857943                    /usr/lib/x86_64-linux-gnu/libXdmcp.so.6.0.0
7fdb7e335000-7fdb7e534000 ---p 00005000 08:06 4857943                    /usr/lib/x86_64-linux-gnu/libXdmcp.so.6.0.0
7fdb7e534000-7fdb7e535000 r--p 00004000 08:06 4857943                    /usr/lib/x86_64-linux-gnu/libXdmcp.so.6.0.0
7fdb7e535000-7fdb7e536000 rw-p 00005000 08:06 4857943                    /usr/lib/x86_64-linux-gnu/libXdmcp.so.6.0.0
7fdb7e536000-7fdb7e538000 r-xp 00000000 08:06 4857932                    /usr/lib/x86_64-linux-gnu/libXau.so.6.0.0
7fdb7e538000-7fdb7e738000 ---p 00002000 08:06 4857932                    /usr/lib/x86_64-linux-gnu/libXau.so.6.0.0
7fdb7e738000-7fdb7e739000 r--p 00002000 08:06 4857932                    /usr/lib/x86_64-linux-gnu/libXau.so.6.0.0
7fdb7e739000-7fdb7e73a000 rw-p 00003000 08:06 4857932                    /usr/lib/x86_64-linux-gnu/libXau.so.6.0.0
7fdb7e73a000-7fdb7e75b000 r-xp 00000000 08:06 4859310                    /usr/lib/x86_64-linux-gnu/libxcb.so.1.1.0
7fdb7e75b000-7fdb7e95a000 ---p 00021000 08:06 4859310                    /usr/lib/x86_64-linux-gnu/libxcb.so.1.1.0
7fdb7e95a000-7fdb7e95b000 r--p 00020000 08:06 4859310                    /usr/lib/x86_64-linux-gnu/libxcb.so.1.1.0
7fdb7e95b000-7fdb7e95c000 rw-p 00021000 08:06 4859310                    /usr/lib/x86_64-linux-gnu/libxcb.so.1.1.0
7fdb7e95c000-7fdb7e96b000 r-xp 00000000 08:06 4857953                    /usr/lib/x86_64-linux-gnu/libXi.so.6.1.0
7fdb7e96b000-7fdb7eb6a000 ---p 0000f000 08:06 4857953                    /usr/lib/x86_64-linux-gnu/libXi.so.6.1.0
7fdb7eb6a000-7fdb7eb6b000 r--p 0000e000 08:06 4857953                    /usr/lib/x86_64-linux-gnu/libXi.so.6.1.0
7fdb7eb6b000-7fdb7eb6c000 rw-p 0000f000 08:06 4857953                    /usr/lib/x86_64-linux-gnu/libXi.so.6.1.0
7fdb7eb6c000-7fdb7eb71000 r-xp 00000000 08:06 4857971                    /usr/lib/x86_64-linux-gnu/libXtst.so.6.1.0
7fdb7eb71000-7fdb7ed70000 ---p 00005000 08:06 4857971                    /usr/lib/x86_64-linux-gnu/libXtst.so.6.1.0
7fdb7ed70000-7fdb7ed71000 r--p 00004000 08:06 4857971                    /usr/lib/x86_64-linux-gnu/libXtst.so.6.1.0
7fdb7ed71000-7fdb7ed72000 rw-p 00005000 08:06 4857971                    /usr/lib/x86_64-linux-gnu/libXtst.so.6.1.0
7fdb7ed72000-7fdb7ed7b000 r-xp 00000000 08:06 4857965                    /usr/lib/x86_64-linux-gnu/libXrender.so.1.3.0
7fdb7ed7b000-7fdb7ef7a000 ---p 00009000 08:06 4857965                    /usr/lib/x86_64-linux-gnu/libXrender.so.1.3.0
7fdb7ef7a000-7fdb7ef7b000 r--p 00008000 08:06 4857965                    /usr/lib/x86_64-linux-gnu/libXrender.so.1.3.0
7fdb7ef7b000-7fdb7ef7c000 rw-p 00009000 08:06 4857965                    /usr/lib/x86_64-linux-gnu/libXrender.so.1.3.0
7fdb7ef7c000-7fdb7f0b1000 r-xp 00000000 08:06 4857928                    /usr/lib/x86_64-linux-gnu/libX11.so.6.3.0
7fdb7f0b1000-7fdb7f2b1000 ---p 00135000 08:06 4857928                    /usr/lib/x86_64-linux-gnu/libX11.so.6.3.0
7fdb7f2b1000-7fdb7f2b2000 r--p 00135000 08:06 4857928                    /usr/lib/x86_64-linux-gnu/libX11.so.6.3.0
7fdb7f2b2000-7fdb7f2b6000 rw-p 00136000 08:06 4857928                    /usr/lib/x86_64-linux-gnu/libX11.so.6.3.0
7fdb7f2b6000-7fdb7f2c7000 r-xp 00000000 08:06 4857945                    /usr/lib/x86_64-linux-gnu/libXext.so.6.4.0
7fdb7f2c7000-7fdb7f4c6000 ---p 00011000 08:06 4857945                    /usr/lib/x86_64-linux-gnu/libXext.so.6.4.0
7fdb7f4c6000-7fdb7f4c7000 r--p 00010000 08:06 4857945                    /usr/lib/x86_64-linux-gnu/libXext.so.6.4.0
7fdb7f4c7000-7fdb7f4c8000 rw-p 00011000 08:06 4857945                    /usr/lib/x86_64-linux-gnu/libXext.so.6.4.0
7fdb7f4c8000-7fdb7f526000 r-xp 00000000 08:06 5126564                    /usr/lib/jvm/java-9-oracle/lib/libawt_xawt.so
7fdb7f526000-7fdb7f725000 ---p 0005e000 08:06 5126564                    /usr/lib/jvm/java-9-oracle/lib/libawt_xawt.so
7fdb7f725000-7fdb7f728000 rw-p 0005d000 08:06 5126564                    /usr/lib/jvm/java-9-oracle/lib/libawt_xawt.so
7fdb7f728000-7fdb7f72a000 rw-p 00000000 00:00 0 
7fdb7f72a000-7fdb7f7c8000 r-xp 00000000 08:06 5126614                    /usr/lib/jvm/java-9-oracle/lib/libawt.so
7fdb7f7c8000-7fdb7f9c8000 ---p 0009e000 08:06 5126614                    /usr/lib/jvm/java-9-oracle/lib/libawt.so
7fdb7f9c8000-7fdb7f9d4000 rw-p 0009e000 08:06 5126614                    /usr/lib/jvm/java-9-oracle/lib/libawt.so
7fdb7f9d4000-7fdb7f9f8000 rw-p 00000000 00:00 0 
7fdb7f9f8000-7fdb7f9f9000 ---p 00000000 00:00 0 
7fdb7f9f9000-7fdb7faf9000 rw-p 00000000 00:00 0 
7fdb7faf9000-7fdb7fafd000 ---p 00000000 00:00 0 
7fdb7fafd000-7fdb7fbfa000 rw-p 00000000 00:00 0 
7fdb7fbfa000-7fdb7fbfe000 ---p 00000000 00:00 0 
7fdb7fbfe000-7fdb7fcfb000 rw-p 00000000 00:00 0 
7fdb7fcfb000-7fdb7fcff000 ---p 00000000 00:00 0 
7fdb7fcff000-7fdb7fdfc000 rw-p 00000000 00:00 0 
7fdb7fdfc000-7fdb7fe00000 r-xp 00000000 08:06 5126575                    /usr/lib/jvm/java-9-oracle/lib/libdt_socket.so
7fdb7fe00000-7fdb7ffff000 ---p 00004000 08:06 5126575                    /usr/lib/jvm/java-9-oracle/lib/libdt_socket.so
7fdb7ffff000-7fdb80000000 rw-p 00003000 08:06 5126575                    /usr/lib/jvm/java-9-oracle/lib/libdt_socket.so
7fdb80000000-7fdb80021000 rw-p 00000000 00:00 0 
7fdb80021000-7fdb84000000 ---p 00000000 00:00 0 
7fdb84000000-7fdb84021000 rw-p 00000000 00:00 0 
7fdb84021000-7fdb88000000 ---p 00000000 00:00 0 
7fdb88000000-7fdb8821b000 rw-p 00000000 00:00 0 
7fdb8821b000-7fdb8c000000 ---p 00000000 00:00 0 
7fdb8c000000-7fdb8c1ec000 rw-p 00000000 00:00 0 
7fdb8c1ec000-7fdb90000000 ---p 00000000 00:00 0 
7fdb90000000-7fdb90021000 rw-p 00000000 00:00 0 
7fdb90021000-7fdb94000000 ---p 00000000 00:00 0 
7fdb94000000-7fdb953e0000 rw-p 00000000 00:00 0 
7fdb953e0000-7fdb98000000 ---p 00000000 00:00 0 
7fdb98000000-7fdb98021000 rw-p 00000000 00:00 0 
7fdb98021000-7fdb9c000000 ---p 00000000 00:00 0 
7fdb9c000000-7fdb9c021000 rw-p 00000000 00:00 0 
7fdb9c021000-7fdba0000000 ---p 00000000 00:00 0 
7fdba0000000-7fdba0021000 rw-p 00000000 00:00 0 
7fdba0021000-7fdba4000000 ---p 00000000 00:00 0 
7fdba4000000-7fdba4139000 rw-p 00000000 00:00 0 
7fdba4139000-7fdba8000000 ---p 00000000 00:00 0 
7fdba8000000-7fdba8021000 rw-p 00000000 00:00 0 
7fdba8021000-7fdbac000000 ---p 00000000 00:00 0 
7fdbac012000-7fdbac016000 ---p 00000000 00:00 0 
7fdbac016000-7fdbac113000 rw-p 00000000 00:00 0 
7fdbac113000-7fdbac117000 ---p 00000000 00:00 0 
7fdbac117000-7fdbac214000 rw-p 00000000 00:00 0 
7fdbac214000-7fdbac22a000 r-xp 00000000 08:06 5126583                    /usr/lib/jvm/java-9-oracle/lib/libnet.so
7fdbac22a000-7fdbac42a000 ---p 00016000 08:06 5126583                    /usr/lib/jvm/java-9-oracle/lib/libnet.so
7fdbac42a000-7fdbac42b000 rw-p 00016000 08:06 5126583                    /usr/lib/jvm/java-9-oracle/lib/libnet.so
7fdbac42b000-7fdbac43b000 r-xp 00000000 08:06 5126580                    /usr/lib/jvm/java-9-oracle/lib/libnio.so
7fdbac43b000-7fdbac63b000 ---p 00010000 08:06 5126580                    /usr/lib/jvm/java-9-oracle/lib/libnio.so
7fdbac63b000-7fdbac63c000 rw-p 00010000 08:06 5126580                    /usr/lib/jvm/java-9-oracle/lib/libnio.so
7fdbac63c000-7fdbac640000 ---p 00000000 00:00 0 
7fdbac640000-7fdbac73d000 rw-p 00000000 00:00 0 
7fdbac73d000-7fdbac741000 ---p 00000000 00:00 0 
7fdbac741000-7fdbac83e000 rw-p 00000000 00:00 0 
7fdbac83e000-7fdbac842000 ---p 00000000 00:00 0 
7fdbac842000-7fdbac93f000 rw-p 00000000 00:00 0 
7fdbac93f000-7fdbac943000 ---p 00000000 00:00 0 
7fdbac943000-7fdbaca40000 rw-p 00000000 00:00 0 
7fdbaca40000-7fdbaca44000 ---p 00000000 00:00 0 
7fdbaca44000-7fdbacb41000 rw-p 00000000 00:00 0 
7fdbacb41000-7fdbace19000 r--p 00000000 08:06 4857227                    /usr/lib/locale/locale-archive
7fdbace19000-7fdbace1d000 ---p 00000000 00:00 0 
7fdbace1d000-7fdbacf1a000 rw-p 00000000 00:00 0 
7fdbacf1a000-7fdbacf1e000 ---p 00000000 00:00 0 
7fdbacf1e000-7fdbad01b000 rw-p 00000000 00:00 0 
7fdbad01b000-7fdbad01c000 ---p 00000000 00:00 0 
7fdbad01c000-7fdbad992000 rw-p 00000000 00:00 0 
7fdbad992000-7fdbadd96000 rw-p 00000000 00:00 0 
7fdbadd96000-7fdbafd96000 rwxp 00000000 00:00 0 
7fdbafd96000-7fdbafd97000 ---p 00000000 00:00 0 
7fdbafd97000-7fdbb0087000 rw-p 00000000 00:00 0 
7fdbb0087000-7fdbb1d5f000 ---p 00000000 00:00 0 
7fdbb1d5f000-7fdbb1f4f000 rw-p 00000000 00:00 0 
7fdbb1f4f000-7fdbb3c27000 ---p 00000000 00:00 0 
7fdbb3c27000-7fdbb3c65000 rw-p 00000000 00:00 0 
7fdbb3c65000-7fdbb4000000 ---p 00000000 00:00 0 
7fdbb4000000-7fdbb4021000 rw-p 00000000 00:00 0 
7fdbb4021000-7fdbb8000000 ---p 00000000 00:00 0 
7fdbb8000000-7fdbb8021000 rw-p 00000000 00:00 0 
7fdbb8021000-7fdbbc000000 ---p 00000000 00:00 0 
7fdbbc000000-7fdbbc021000 rw-p 00000000 00:00 0 
7fdbbc021000-7fdbc0000000 ---p 00000000 00:00 0 
7fdbc0000000-7fdbc0021000 rw-p 00000000 00:00 0 
7fdbc0021000-7fdbc4000000 ---p 00000000 00:00 0 
7fdbc4000000-7fdbc4021000 rw-p 00000000 00:00 0 
7fdbc4021000-7fdbc8000000 ---p 00000000 00:00 0 
7fdbc8000000-7fdbc8021000 rw-p 00000000 00:00 0 
7fdbc8021000-7fdbcc000000 ---p 00000000 00:00 0 
7fdbcc000000-7fdbcc021000 rw-p 00000000 00:00 0 
7fdbcc021000-7fdbd0000000 ---p 00000000 00:00 0 
7fdbd0000000-7fdbd0021000 rw-p 00000000 00:00 0 
7fdbd0021000-7fdbd4000000 ---p 00000000 00:00 0 
7fdbd4000000-7fdbd4021000 rw-p 00000000 00:00 0 
7fdbd4021000-7fdbd8000000 ---p 00000000 00:00 0 
7fdbd8017000-7fdbd805e000 r--p 00000000 08:06 5900568                    /usr/share/glib-2.0/schemas/gschemas.compiled
7fdbd805e000-7fdbd80b9000 rw-p 00000000 00:00 0 
7fdbd80b9000-7fdbd80ba000 ---p 00000000 00:00 0 
7fdbd80ba000-7fdbd81f8000 rw-p 00000000 00:00 0 
7fdbd81f8000-7fdbd896c000 ---p 00000000 00:00 0 
7fdbd896c000-7fdbd89aa000 rw-p 00000000 00:00 0 
7fdbd89aa000-7fdbd8d45000 ---p 00000000 00:00 0 
7fdbd8d45000-7fdbd8d46000 ---p 00000000 00:00 0 
7fdbd8d46000-7fdbd8e46000 rw-p 00000000 00:00 0 
7fdbd8e46000-7fdbd8e47000 ---p 00000000 00:00 0 
7fdbd8e47000-7fdbd8f47000 rw-p 00000000 00:00 0 
7fdbd8f47000-7fdbd8f48000 ---p 00000000 00:00 0 
7fdbd8f48000-7fdbd9048000 rw-p 00000000 00:00 0 
7fdbd9048000-7fdbd9049000 ---p 00000000 00:00 0 
7fdbd9049000-7fdbd9149000 rw-p 00000000 00:00 0 
7fdbd9149000-7fdbd914a000 ---p 00000000 00:00 0 
7fdbd914a000-7fdbd964e000 rw-p 00000000 00:00 0 
7fdbd964e000-7fdbd964f000 ---p 00000000 00:00 0 
7fdbd964f000-7fdbd974f000 rw-p 00000000 00:00 0 
7fdbd974f000-7fdbd9750000 ---p 00000000 00:00 0 
7fdbd9750000-7fdbd9850000 rw-p 00000000 00:00 0 
7fdbd9850000-7fdbd9851000 ---p 00000000 00:00 0 
7fdbd9851000-7fdbd9951000 rw-p 00000000 00:00 0 
7fdbd9951000-7fdbd9952000 ---p 00000000 00:00 0 
7fdbd9952000-7fdbd9a57000 rw-p 00000000 00:00 0 
7fdbd9a57000-7fdbd9b3d000 ---p 00000000 00:00 0 
7fdbd9b3d000-7fdbd9dad000 rwxp 00000000 00:00 0 
7fdbd9dad000-7fdbda0cd000 ---p 00000000 00:00 0 
7fdbda0cd000-7fdbda33d000 rwxp 00000000 00:00 0 
7fdbda33d000-7fdbe1605000 ---p 00000000 00:00 0 
7fdbe1605000-7fdbe1875000 rwxp 00000000 00:00 0 
7fdbe1875000-7fdbe8b3d000 ---p 00000000 00:00 0 
7fdbe8b3d000-7fdbf4000000 r--s 00000000 08:06 5126426                    /usr/lib/jvm/java-9-oracle/lib/modules
7fdbf4000000-7fdbf43f9000 rw-p 00000000 00:00 0 
7fdbf43f9000-7fdbf8000000 ---p 00000000 00:00 0 
7fdbf8016000-7fdbf8074000 rw-p 00000000 00:00 0 
7fdbf8074000-7fdbf815a000 ---p 00000000 00:00 0 
7fdbf815a000-7fdbf8174000 r-xp 00000000 08:06 5126585                    /usr/lib/jvm/java-9-oracle/lib/libjimage.so
7fdbf8174000-7fdbf8373000 ---p 0001a000 08:06 5126585                    /usr/lib/jvm/java-9-oracle/lib/libjimage.so
7fdbf8373000-7fdbf8375000 rw-p 00019000 08:06 5126585                    /usr/lib/jvm/java-9-oracle/lib/libjimage.so
7fdbf8375000-7fdbf8387000 rw-p 00000000 00:00 0 
7fdbf8387000-7fdbf838e000 r-xp 00000000 08:06 5126630                    /usr/lib/jvm/java-9-oracle/lib/libzip.so
7fdbf838e000-7fdbf858d000 ---p 00007000 08:06 5126630                    /usr/lib/jvm/java-9-oracle/lib/libzip.so
7fdbf858d000-7fdbf858e000 rw-p 00006000 08:06 5126630                    /usr/lib/jvm/java-9-oracle/lib/libzip.so
7fdbf858e000-7fdbf8599000 r-xp 00000000 08:06 6164891                    /lib/x86_64-linux-gnu/libnss_files-2.23.so
7fdbf8599000-7fdbf8798000 ---p 0000b000 08:06 6164891                    /lib/x86_64-linux-gnu/libnss_files-2.23.so
7fdbf8798000-7fdbf8799000 r--p 0000a000 08:06 6164891                    /lib/x86_64-linux-gnu/libnss_files-2.23.so
7fdbf8799000-7fdbf879a000 rw-p 0000b000 08:06 6164891                    /lib/x86_64-linux-gnu/libnss_files-2.23.so
7fdbf879a000-7fdbf87a0000 rw-p 00000000 00:00 0 
7fdbf87a0000-7fdbf87ab000 r-xp 00000000 08:06 6164897                    /lib/x86_64-linux-gnu/libnss_nis-2.23.so
7fdbf87ab000-7fdbf89aa000 ---p 0000b000 08:06 6164897                    /lib/x86_64-linux-gnu/libnss_nis-2.23.so
7fdbf89aa000-7fdbf89ab000 r--p 0000a000 08:06 6164897                    /lib/x86_64-linux-gnu/libnss_nis-2.23.so
7fdbf89ab000-7fdbf89ac000 rw-p 0000b000 08:06 6164897                    /lib/x86_64-linux-gnu/libnss_nis-2.23.so
7fdbf89ac000-7fdbf89c2000 r-xp 00000000 08:06 6160553                    /lib/x86_64-linux-gnu/libnsl-2.23.so
7fdbf89c2000-7fdbf8bc1000 ---p 00016000 08:06 6160553                    /lib/x86_64-linux-gnu/libnsl-2.23.so
7fdbf8bc1000-7fdbf8bc2000 r--p 00015000 08:06 6160553                    /lib/x86_64-linux-gnu/libnsl-2.23.so
7fdbf8bc2000-7fdbf8bc3000 rw-p 00016000 08:06 6160553                    /lib/x86_64-linux-gnu/libnsl-2.23.so
7fdbf8bc3000-7fdbf8bc5000 rw-p 00000000 00:00 0 
7fdbf8bc5000-7fdbf8bcd000 r-xp 00000000 08:06 6169647                    /lib/x86_64-linux-gnu/libnss_compat-2.23.so
7fdbf8bcd000-7fdbf8dcc000 ---p 00008000 08:06 6169647                    /lib/x86_64-linux-gnu/libnss_compat-2.23.so
7fdbf8dcc000-7fdbf8dcd000 r--p 00007000 08:06 6169647                    /lib/x86_64-linux-gnu/libnss_compat-2.23.so
7fdbf8dcd000-7fdbf8dce000 rw-p 00008000 08:06 6169647                    /lib/x86_64-linux-gnu/libnss_compat-2.23.so
7fdbf8dce000-7fdbf8e09000 r-xp 00000000 08:06 5126602                    /usr/lib/jvm/java-9-oracle/lib/libjdwp.so
7fdbf8e09000-7fdbf9008000 ---p 0003b000 08:06 5126602                    /usr/lib/jvm/java-9-oracle/lib/libjdwp.so
7fdbf9008000-7fdbf9009000 rw-p 0003a000 08:06 5126602                    /usr/lib/jvm/java-9-oracle/lib/libjdwp.so
7fdbf9009000-7fdbf900a000 rw-p 00000000 00:00 0 
7fdbf900a000-7fdbf9035000 r-xp 00000000 08:06 5126551                    /usr/lib/jvm/java-9-oracle/lib/libjava.so
7fdbf9035000-7fdbf9234000 ---p 0002b000 08:06 5126551                    /usr/lib/jvm/java-9-oracle/lib/libjava.so
7fdbf9234000-7fdbf9236000 rw-p 0002a000 08:06 5126551                    /usr/lib/jvm/java-9-oracle/lib/libjava.so
7fdbf9236000-7fdbf9243000 r-xp 00000000 08:06 5126440                    /usr/lib/jvm/java-9-oracle/lib/libverify.so
7fdbf9243000-7fdbf9442000 ---p 0000d000 08:06 5126440                    /usr/lib/jvm/java-9-oracle/lib/libverify.so
7fdbf9442000-7fdbf9444000 rw-p 0000c000 08:06 5126440                    /usr/lib/jvm/java-9-oracle/lib/libverify.so
7fdbf9444000-7fdbf944b000 r-xp 00000000 08:06 6164913                    /lib/x86_64-linux-gnu/librt-2.23.so
7fdbf944b000-7fdbf964a000 ---p 00007000 08:06 6164913                    /lib/x86_64-linux-gnu/librt-2.23.so
7fdbf964a000-7fdbf964b000 r--p 00006000 08:06 6164913                    /lib/x86_64-linux-gnu/librt-2.23.so
7fdbf964b000-7fdbf964c000 rw-p 00007000 08:06 6164913                    /lib/x86_64-linux-gnu/librt-2.23.so
7fdbf964c000-7fdbf9754000 r-xp 00000000 08:06 6169657                    /lib/x86_64-linux-gnu/libm-2.23.so
7fdbf9754000-7fdbf9953000 ---p 00108000 08:06 6169657                    /lib/x86_64-linux-gnu/libm-2.23.so
7fdbf9953000-7fdbf9954000 r--p 00107000 08:06 6169657                    /lib/x86_64-linux-gnu/libm-2.23.so
7fdbf9954000-7fdbf9955000 rw-p 00108000 08:06 6169657                    /lib/x86_64-linux-gnu/libm-2.23.so
7fdbf9955000-7fdbfa969000 r-xp 00000000 08:06 5126625                    /usr/lib/jvm/java-9-oracle/lib/server/libjvm.so
7fdbfa969000-7fdbfab69000 ---p 01014000 08:06 5126625                    /usr/lib/jvm/java-9-oracle/lib/server/libjvm.so
7fdbfab69000-7fdbfac3a000 r--p 01014000 08:06 5126625                    /usr/lib/jvm/java-9-oracle/lib/server/libjvm.so
7fdbfac3a000-7fdbfac71000 rw-p 010e5000 08:06 5126625                    /usr/lib/jvm/java-9-oracle/lib/server/libjvm.so
7fdbfac71000-7fdbfacda000 rw-p 00000000 00:00 0 
7fdbfacda000-7fdbfae9a000 r-xp 00000000 08:06 6169667                    /lib/x86_64-linux-gnu/libc-2.23.so
7fdbfae9a000-7fdbfb09a000 ---p 001c0000 08:06 6169667                    /lib/x86_64-linux-gnu/libc-2.23.so
7fdbfb09a000-7fdbfb09e000 r--p 001c0000 08:06 6169667                    /lib/x86_64-linux-gnu/libc-2.23.so
7fdbfb09e000-7fdbfb0a0000 rw-p 001c4000 08:06 6169667                    /lib/x86_64-linux-gnu/libc-2.23.so
7fdbfb0a0000-7fdbfb0a4000 rw-p 00000000 00:00 0 
7fdbfb0a4000-7fdbfb0a7000 r-xp 00000000 08:06 6169645                    /lib/x86_64-linux-gnu/libdl-2.23.so
7fdbfb0a7000-7fdbfb2a6000 ---p 00003000 08:06 6169645                    /lib/x86_64-linux-gnu/libdl-2.23.so
7fdbfb2a6000-7fdbfb2a7000 r--p 00002000 08:06 6169645                    /lib/x86_64-linux-gnu/libdl-2.23.so
7fdbfb2a7000-7fdbfb2a8000 rw-p 00003000 08:06 6169645                    /lib/x86_64-linux-gnu/libdl-2.23.so
7fdbfb2a8000-7fdbfb2b6000 r-xp 00000000 08:06 5126424                    /usr/lib/jvm/java-9-oracle/lib/jli/libjli.so
7fdbfb2b6000-7fdbfb4b6000 ---p 0000e000 08:06 5126424                    /usr/lib/jvm/java-9-oracle/lib/jli/libjli.so
7fdbfb4b6000-7fdbfb4b7000 rw-p 0000e000 08:06 5126424                    /usr/lib/jvm/java-9-oracle/lib/jli/libjli.so
7fdbfb4b7000-7fdbfb4cf000 r-xp 00000000 08:06 6164893                    /lib/x86_64-linux-gnu/libpthread-2.23.so
7fdbfb4cf000-7fdbfb6ce000 ---p 00018000 08:06 6164893                    /lib/x86_64-linux-gnu/libpthread-2.23.so
7fdbfb6ce000-7fdbfb6cf000 r--p 00017000 08:06 6164893                    /lib/x86_64-linux-gnu/libpthread-2.23.so
7fdbfb6cf000-7fdbfb6d0000 rw-p 00018000 08:06 6164893                    /lib/x86_64-linux-gnu/libpthread-2.23.so
7fdbfb6d0000-7fdbfb6d4000 rw-p 00000000 00:00 0 
7fdbfb6d4000-7fdbfb6ed000 r-xp 00000000 08:06 6165161                    /lib/x86_64-linux-gnu/libz.so.1.2.8
7fdbfb6ed000-7fdbfb8ec000 ---p 00019000 08:06 6165161                    /lib/x86_64-linux-gnu/libz.so.1.2.8
7fdbfb8ec000-7fdbfb8ed000 r--p 00018000 08:06 6165161                    /lib/x86_64-linux-gnu/libz.so.1.2.8
7fdbfb8ed000-7fdbfb8ee000 rw-p 00019000 08:06 6165161                    /lib/x86_64-linux-gnu/libz.so.1.2.8
7fdbfb8ee000-7fdbfb914000 r-xp 00000000 08:06 6160555                    /lib/x86_64-linux-gnu/ld-2.23.so
7fdbfb925000-7fdbfb92a000 r--p 00000000 08:06 137434                     /home/ravi/.config/dconf/user
7fdbfb92a000-7fdbfb9e8000 rw-p 00000000 00:00 0 
7fdbfb9e8000-7fdbfb9ed000 ---p 00000000 00:00 0 
7fdbfb9ed000-7fdbfbaee000 rw-p 00000000 00:00 0 
7fdbfbaf2000-7fdbfbaf3000 r--s 00000000 00:2b 32                         /run/user/1000/dconf/user
7fdbfbaf3000-7fdbfbafa000 r--s 00000000 08:06 5125832                    /usr/lib/x86_64-linux-gnu/gconv/gconv-modules.cache
7fdbfbafa000-7fdbfbb00000 rw-p 00000000 00:00 0 
7fdbfbb00000-7fdbfbb07000 ---p 00000000 00:00 0 
7fdbfbb07000-7fdbfbb0f000 rw-s 00000000 08:06 1054476                    /tmp/hsperfdata_ravi/13505
7fdbfbb0f000-7fdbfbb10000 rw-p 00000000 00:00 0 
7fdbfbb10000-7fdbfbb11000 ---p 00000000 00:00 0 
7fdbfbb11000-7fdbfbb13000 rw-p 00000000 00:00 0 
7fdbfbb13000-7fdbfbb14000 r--p 00025000 08:06 6160555                    /lib/x86_64-linux-gnu/ld-2.23.so
7fdbfbb14000-7fdbfbb15000 rw-p 00026000 08:06 6160555                    /lib/x86_64-linux-gnu/ld-2.23.so
7fdbfbb15000-7fdbfbb16000 rw-p 00000000 00:00 0 
7ffe6a1e8000-7ffe6a209000 rw-p 00000000 00:00 0                          [stack]
7ffe6a27f000-7ffe6a281000 r--p 00000000 00:00 0                          [vvar]
7ffe6a281000-7ffe6a283000 r-xp 00000000 00:00 0                          [vdso]
ffffffffff600000-ffffffffff601000 r-xp 00000000 00:00 0                  [vsyscall]

VM Arguments:
jvm_args: -agentlib:jdwp=transport=dt_socket,address=127.0.0.1:45228,suspend=y,server=n -Dfile.encoding=UTF-8 
java_command: VideoEncoderMain
java_class_path (initial): /home/ravi/IdeaProjects/EC504_Project/out/production/EC504_Project:/home/ravi/Desktop/java/idea-IC-172.4343.14/lib/idea_rt.jar
Launcher Type: SUN_STANDARD

Logging:
Log output configuration:
#0: stdout all=warning uptime,level,tags
#1: stderr all=off uptime,level,tags

Environment Variables:
JAVA_HOME=/usr/lib/jvm/java-9-oracle
PATH=/home/ravi/bin:/home/ravi/.local/bin:/usr/local/sbin:/usr/local/bin:/usr/sbin:/usr/bin:/sbin:/bin:/usr/games:/usr/local/games:/snap/bin:/usr/lib/jvm/java-9-oracle/bin:/usr/lib/jvm/java-9-oracle/db/bin
LD_LIBRARY_PATH=/home/ravi/Desktop/java/idea-IC-172.4343.14/bin:
SHELL=/bin/bash
DISPLAY=:0

Signal Handlers:
SIGSEGV: [libjvm.so+0xd4ce90], sa_mask[0]=11111111011111111101111111111110, sa_flags=SA_RESTART|SA_SIGINFO
SIGBUS: [libjvm.so+0xd4ce90], sa_mask[0]=11111111011111111101111111111110, sa_flags=SA_RESTART|SA_SIGINFO
SIGFPE: [libjvm.so+0xd4ce90], sa_mask[0]=11111111011111111101111111111110, sa_flags=SA_RESTART|SA_SIGINFO
SIGPIPE: SIG_IGN, sa_mask[0]=00000000000010000000000000000000, sa_flags=SA_RESTART
SIGXFSZ: [libjvm.so+0xb64460], sa_mask[0]=11111111011111111101111111111110, sa_flags=SA_RESTART|SA_SIGINFO
SIGILL: [libjvm.so+0xd4ce90], sa_mask[0]=11111111011111111101111111111110, sa_flags=SA_RESTART|SA_SIGINFO
SIGUSR2: [libjvm.so+0xb64320], sa_mask[0]=00100000000000000000000000000000, sa_flags=SA_RESTART|SA_SIGINFO
SIGHUP: [libjvm.so+0xb64530], sa_mask[0]=11111111011111111101111111111110, sa_flags=SA_RESTART|SA_SIGINFO
SIGINT: [libjvm.so+0xb64530], sa_mask[0]=11111111011111111101111111111110, sa_flags=SA_RESTART|SA_SIGINFO
SIGTERM: [libjvm.so+0xb64530], sa_mask[0]=11111111011111111101111111111110, sa_flags=SA_RESTART|SA_SIGINFO
SIGQUIT: [libjvm.so+0xb64530], sa_mask[0]=11111111011111111101111111111110, sa_flags=SA_RESTART|SA_SIGINFO


---------------  S Y S T E M  ---------------

OS:DISTRIB_ID=Ubuntu
DISTRIB_RELEASE=16.04
DISTRIB_CODENAME=xenial
DISTRIB_DESCRIPTION="Ubuntu 16.04.1 LTS"
uname:Linux 4.4.0-97-generic #120-Ubuntu SMP Tue Sep 19 17:28:18 UTC 2017 x86_64
libc:glibc 2.23 NPTL 2.23 
rlimit: STACK 8192k, CORE 0k, NPROC 30464, NOFILE 65536, AS infinity
load average:2.37 1.18 0.92

/proc/meminfo:
MemTotal:        8064704 kB
MemFree:          127428 kB
MemAvailable:      36604 kB
Buffers:            1824 kB
Cached:          1040600 kB
SwapCached:            0 kB
Active:          6644928 kB
Inactive:        1015356 kB
Active(anon):    6620264 kB
Inactive(anon):   983852 kB
Active(file):      24664 kB
Inactive(file):    31504 kB
Unevictable:         160 kB
Mlocked:             160 kB
SwapTotal:             0 kB
SwapFree:              0 kB
Dirty:               408 kB
Writeback:             0 kB
AnonPages:       6618928 kB
Mapped:           761768 kB
Shmem:            985540 kB
Slab:              98888 kB
SReclaimable:      42764 kB
SUnreclaim:        56124 kB
KernelStack:       16400 kB
PageTables:        85312 kB
NFS_Unstable:          0 kB
Bounce:                0 kB
WritebackTmp:          0 kB
CommitLimit:     4032352 kB
Committed_AS:   18977836 kB
VmallocTotal:   34359738367 kB
VmallocUsed:           0 kB
VmallocChunk:          0 kB
HardwareCorrupted:     0 kB
AnonHugePages:   2568192 kB
CmaTotal:              0 kB
CmaFree:               0 kB
HugePages_Total:       0
HugePages_Free:        0
HugePages_Rsvd:        0
HugePages_Surp:        0
Hugepagesize:       2048 kB
DirectMap4k:      240000 kB
DirectMap2M:     8038400 kB
DirectMap1G:           0 kB


CPU:total 4 (initial active 4) (2 cores per cpu, 2 threads per core) family 6 model 78 stepping 3, cmov, cx8, fxsr, mmx, sse, sse2, sse3, ssse3, sse4.1, sse4.2, popcnt, avx, avx2, aes, clmul, erms, 3dnowpref, lzcnt, ht, tsc, tscinvbit, bmi1, bmi2, adx, fma
CPU Model and flags from /proc/cpuinfo:
model name	: Intel(R) Core(TM) i5-6200U CPU @ 2.30GHz
flags		: fpu vme de pse tsc msr pae mce cx8 apic sep mtrr pge mca cmov pat pse36 clflush dts acpi mmx fxsr sse sse2 ss ht tm pbe syscall nx pdpe1gb rdtscp lm constant_tsc art arch_perfmon pebs bts rep_good nopl xtopology nonstop_tsc aperfmperf eagerfpu pni pclmulqdq dtes64 monitor ds_cpl vmx est tm2 ssse3 sdbg fma cx16 xtpr pdcm pcid sse4_1 sse4_2 x2apic movbe popcnt tsc_deadline_timer aes xsave avx f16c rdrand lahf_lm abm 3dnowprefetch epb intel_pt tpr_shadow vnmi flexpriority ept vpid fsgsbase tsc_adjust bmi1 avx2 smep bmi2 erms invpcid mpx rdseed adx smap clflushopt xsaveopt xsavec xgetbv1 dtherm ida arat pln pts hwp hwp_notify hwp_act_window hwp_epp

Memory: 4k page, physical 8064704k(127428k free), swap 0k(0k free)

vm_info: Java HotSpot(TM) 64-Bit Server VM (9.0.1+11) for linux-amd64 JRE (9.0.1+11), built on Sep 27 2017 20:48:27 by "mach5one" with gcc 4.9.2

END.
